2023-05-15 09:05:615 INFO  AccountRegisterPage :51 - mouseHover On DesktopsLink And Click  [[ChromeDriver: chrome on WINDOWS (166545ed8fc932a03a658e787bf70f23)] -> link text: Desktops]
2023-05-15 09:05:765 INFO  AccountRegisterPage :45 - select Menu  By.xpath: //nav[@id='menu']//ul/li[contains(@class, 'open')]/div/child::*
2023-05-15 09:05:956 INFO  AccountRegisterPage :33 - get Desktops Text  [[ChromeDriver: chrome on WINDOWS (166545ed8fc932a03a658e787bf70f23)] -> xpath: //h2]
2023-05-15 10:05:579 INFO  AccountRegisterPage :51 - mouseHover On DesktopsLink And Click  [[ChromeDriver: chrome on WINDOWS (41531eb0193e7b29ba3860c9cf07600b)] -> link text: Desktops]
2023-05-15 10:05:714 INFO  AccountRegisterPage :45 - select Menu  By.xpath: //nav[@id='menu']//ul/li[contains(@class, 'open')]/div/child::*
2023-05-15 10:05:874 INFO  AccountRegisterPage :33 - get Desktops Text  Proxy element for: DefaultElementLocator 'By.xpath: //h2'
2023-05-15 10:05:212 INFO  AccountRegisterPage :51 - mouseHover On DesktopsLink And Click  [[ChromeDriver: chrome on WINDOWS (93cc47a2e35ee3842ce084fd5622be57)] -> link text: Desktops]
2023-05-15 10:05:355 INFO  AccountRegisterPage :45 - select Menu  By.xpath: //nav[@id='menu']//ul/li[contains(@class, 'open')]/div/child::*
2023-05-15 10:05:715 INFO  AccountRegisterPage :33 - get Desktops Text  Proxy element for: DefaultElementLocator 'By.xpath: //h2'
2023-05-15 10:05:307 INFO  AccountRegisterPage :51 - mouseHover On DesktopsLink And Click  [[ChromeDriver: chrome on WINDOWS (004e822908e144d5e6e6c1adec86ea9c)] -> link text: Desktops]
2023-05-15 10:05:453 INFO  AccountRegisterPage :45 - select Menu  By.xpath: //nav[@id='menu']//ul/li[contains(@class, 'open')]/div/child::*
2023-05-15 10:05:06 INFO  AccountRegisterPage :33 - get Desktops Text  [[ChromeDriver: chrome on WINDOWS (004e822908e144d5e6e6c1adec86ea9c)] -> xpath: //h2]
2023-05-15 10:05:51 INFO  AccountRegisterPage :51 - mouseHover On DesktopsLink And Click  [[ChromeDriver: chrome on WINDOWS (d9f663e31484e757f618c3c14dd64849)] -> link text: Desktops]
2023-05-15 10:05:219 INFO  AccountRegisterPage :45 - select Menu  By.xpath: //nav[@id='menu']//ul/li[contains(@class, 'open')]/div/child::*
2023-05-15 10:05:532 INFO  AccountRegisterPage :33 - get Desktops Text  [[ChromeDriver: chrome on WINDOWS (d9f663e31484e757f618c3c14dd64849)] -> xpath: //h2]
2023-05-15 10:05:89 INFO  AccountRegisterPage :56 - mouseHover On Laptop  And Click  [[ChromeDriver: chrome on WINDOWS (2dfdd078e1ce1fbf0aa85aa816994633)] -> link text: Laptops & Notebooks]
2023-05-15 10:05:244 INFO  AccountRegisterPage :45 - select Menu  By.xpath: //nav[@id='menu']//ul/li[contains(@class, 'open')]/div/child::*
2023-05-15 10:05:63 INFO  AccountRegisterPage :56 - mouseHover On Laptop  And Click  [[ChromeDriver: chrome on WINDOWS (c452e071f22dad87ffee1fefe51af39c)] -> link text: Laptops & Notebooks]
2023-05-15 10:05:247 INFO  AccountRegisterPage :45 - select Menu  By.xpath: //nav[@id='menu']//ul/li[contains(@class, 'open')]/div/child::*
2023-05-15 10:05:345 INFO  AccountRegisterPage :61 - mouseHover On Component  And Click  [[ChromeDriver: chrome on WINDOWS (1c4fe5aea41d72dda3945f7805a92683)] -> link text: Components]
2023-05-15 10:05:483 INFO  AccountRegisterPage :45 - select Menu  By.xpath: //nav[@id='menu']//ul/li[contains(@class, 'open')]/div/child::*
2023-05-15 10:05:641 INFO  AccountRegisterPage :21 - Get component Text  Proxy element for: DefaultElementLocator 'By.xpath: //h2'
2023-05-15 10:05:925 INFO  AccountRegisterPage :56 - mouseHover On Laptop  And Click  [[ChromeDriver: chrome on WINDOWS (e9ad5ab6d3661be08e5130865578018f)] -> link text: Laptops & Notebooks]
2023-05-15 10:05:76 INFO  AccountRegisterPage :45 - select Menu  By.xpath: //nav[@id='menu']//ul/li[contains(@class, 'open')]/div/child::*
2023-05-15 10:05:780 INFO  AccountRegisterPage :61 - mouseHover On Component  And Click  [[ChromeDriver: chrome on WINDOWS (910b9ef2fe1c256fcc038d5a13ab1fed)] -> link text: Components]
2023-05-15 10:05:939 INFO  AccountRegisterPage :45 - select Menu  By.xpath: //nav[@id='menu']//ul/li[contains(@class, 'open')]/div/child::*
2023-05-15 10:05:505 INFO  AccountRegisterPage :21 - Get component Text  [[ChromeDriver: chrome on WINDOWS (910b9ef2fe1c256fcc038d5a13ab1fed)] -> xpath: //h2]
2023-05-15 10:05:156 INFO  AccountRegisterPage :51 - mouseHover On DesktopsLink And Click  [[ChromeDriver: chrome on WINDOWS (b08daad2926ad4fa528102ebbae60cae)] -> link text: Desktops]
2023-05-15 10:05:304 INFO  AccountRegisterPage :45 - select Menu  By.xpath: //nav[@id='menu']//ul/li[contains(@class, 'open')]/div/child::*
2023-05-15 10:05:631 INFO  AccountRegisterPage :33 - get Desktops Text  [[ChromeDriver: chrome on WINDOWS (b08daad2926ad4fa528102ebbae60cae)] -> xpath: //h2]
2023-05-15 10:05:464 INFO  AccountRegisterPage :56 - mouseHover On Laptop  And Click  [[ChromeDriver: chrome on WINDOWS (f9b3e0dd5c76c6dd0d5d513a729025c6)] -> link text: Laptops & Notebooks]
2023-05-15 10:05:614 INFO  AccountRegisterPage :45 - select Menu  By.xpath: //nav[@id='menu']//ul/li[contains(@class, 'open')]/div/child::*
2023-05-15 10:05:40 INFO  AccountRegisterPage :61 - mouseHover On Component  And Click  [[ChromeDriver: chrome on WINDOWS (08eae573a86d2a193ed08d8e7a66cfbd)] -> link text: Components]
2023-05-15 10:05:178 INFO  AccountRegisterPage :45 - select Menu  By.xpath: //nav[@id='menu']//ul/li[contains(@class, 'open')]/div/child::*
2023-05-15 10:05:729 INFO  AccountRegisterPage :21 - Get component Text  [[ChromeDriver: chrome on WINDOWS (08eae573a86d2a193ed08d8e7a66cfbd)] -> xpath: //h2]
2023-05-15 23:05:370 INFO  AccountRegisterPage :51 - mouseHover On DesktopsLink And Click  [[ChromeDriver: chrome on WINDOWS (0d2904e8aadeb9dbd786493a240748c7)] -> link text: Desktops]
2023-05-15 23:05:523 INFO  AccountRegisterPage :45 - select Menu  By.xpath: //nav[@id='menu']//ul/li[contains(@class, 'open')]/div/child::*
2023-05-15 23:05:781 INFO  AccountRegisterPage :33 - get Desktops Text  [[ChromeDriver: chrome on WINDOWS (0d2904e8aadeb9dbd786493a240748c7)] -> xpath: //h2]
2023-05-15 23:05:174 INFO  AccountRegisterPage :56 - mouseHover On Laptop  And Click  [[ChromeDriver: chrome on WINDOWS (cc8b9c7ce49934a4585d3e020866481f)] -> link text: Laptops & Notebooks]
2023-05-15 23:05:320 INFO  AccountRegisterPage :45 - select Menu  By.xpath: //nav[@id='menu']//ul/li[contains(@class, 'open')]/div/child::*
2023-05-15 23:05:736 INFO  AccountRegisterPage :61 - mouseHover On Component  And Click  [[ChromeDriver: chrome on WINDOWS (d1d3ebaf4464e3e9d4471d8b8b2521e8)] -> link text: Components]
2023-05-15 23:05:882 INFO  AccountRegisterPage :45 - select Menu  By.xpath: //nav[@id='menu']//ul/li[contains(@class, 'open')]/div/child::*
2023-05-15 23:05:461 INFO  AccountRegisterPage :21 - Get component Text  [[ChromeDriver: chrome on WINDOWS (d1d3ebaf4464e3e9d4471d8b8b2521e8)] -> xpath: //h2]
2023-05-15 23:05:589 INFO  AccountRegisterPage :80 - click On My QAccount Tab  [[ChromeDriver: chrome on WINDOWS (9605670d67f5bd230965a063dce528e6)] -> xpath: //span[contains(text(),'My Account')]]
2023-05-15 23:05:997 INFO  AccountLoginPage :36 - Get returning customer text : [[ChromeDriver: chrome on WINDOWS (9605670d67f5bd230965a063dce528e6)] -> xpath: //div[@id='content']/div/div[2]//h2]
2023-05-15 23:05:595 INFO  AccountRegisterPage :80 - click On My QAccount Tab  [[ChromeDriver: chrome on WINDOWS (dc8c51286e75d98ea38579cc4170a1a1)] -> xpath: //span[contains(text(),'My Account')]]
2023-05-15 23:05:08 INFO  AccountLoginPage :47 - Enter email : [[ChromeDriver: chrome on WINDOWS (dc8c51286e75d98ea38579cc4170a1a1)] -> id: input-email]
2023-05-15 23:05:175 INFO  AccountLoginPage :52 - Enter password : [[ChromeDriver: chrome on WINDOWS (dc8c51286e75d98ea38579cc4170a1a1)] -> id: input-password]
2023-05-15 23:05:256 INFO  AccountLoginPage :57 - Click on login button : [[ChromeDriver: chrome on WINDOWS (dc8c51286e75d98ea38579cc4170a1a1)] -> xpath: //form[contains(@action,'login')]//input[@type='submit']]
2023-05-15 23:05:745 INFO  AccountRegisterPage :80 - click On My QAccount Tab  [[ChromeDriver: chrome on WINDOWS (dc8c51286e75d98ea38579cc4170a1a1)] -> xpath: //span[contains(text(),'My Account')]]
2023-05-15 23:05:309 INFO  AccountRegisterPage :27 - get Account Logout Text  [[ChromeDriver: chrome on WINDOWS (dc8c51286e75d98ea38579cc4170a1a1)] -> xpath: //h1[contains(text(),'Account Logout')]]
2023-05-16 19:05:922 INFO  AccountRegisterPage :80 - click On My QAccount Tab  [[ChromeDriver: chrome on WINDOWS (f75a6c687ab9ef4e1f7cbba237ba9e02)] -> xpath: //span[contains(text(),'My Account')]]
2023-05-16 19:05:191 INFO  AccountRegisterPage :54 - Get Register Account Text [[ChromeDriver: chrome on WINDOWS (f75a6c687ab9ef4e1f7cbba237ba9e02)] -> xpath: //h1[contains(text(),'Register Account')]]
2023-05-16 19:05:180 INFO  AccountRegisterPage :80 - click On My QAccount Tab  [[ChromeDriver: chrome on WINDOWS (3e277bba02fabc52c7b460f302b7523a)] -> xpath: //span[contains(text(),'My Account')]]
2023-05-16 19:05:432 INFO  AccountRegisterPage :59 - Enter First name [[ChromeDriver: chrome on WINDOWS (3e277bba02fabc52c7b460f302b7523a)] -> id: input-firstname]
2023-05-16 19:05:569 INFO  AccountRegisterPage :64 - Enter last name [[ChromeDriver: chrome on WINDOWS (3e277bba02fabc52c7b460f302b7523a)] -> id: input-lastname]
2023-05-16 19:05:685 INFO  AccountRegisterPage :69 - Enter Email  [[ChromeDriver: chrome on WINDOWS (3e277bba02fabc52c7b460f302b7523a)] -> id: input-email]
2023-05-16 19:05:813 INFO  AccountRegisterPage :74 - Enter telephone  [[ChromeDriver: chrome on WINDOWS (3e277bba02fabc52c7b460f302b7523a)] -> id: input-telephone]
2023-05-16 19:05:927 INFO  AccountRegisterPage :74 - Enter telephone  [[ChromeDriver: chrome on WINDOWS (3e277bba02fabc52c7b460f302b7523a)] -> id: input-telephone]
2023-05-16 19:05:38 INFO  AccountRegisterPage :74 - Enter telephone  [[ChromeDriver: chrome on WINDOWS (3e277bba02fabc52c7b460f302b7523a)] -> id: input-telephone]
2023-05-16 19:05:130 INFO  AccountRegisterPage :89 - select Subscription  By.xpath: //fieldset[3]//input
2023-05-16 19:05:162 INFO  AccountRegisterPage :100 - click On Privacy Policy CheckBox  By.xpath: //fieldset[3]//input
2023-05-16 19:05:271 INFO  AccountRegisterPage :32 - get Your Account Has Been Created Text  Proxy element for: DefaultElementLocator 'By.xpath: //h1[contains(text(),'Your Account Has Been Created!')]'
2023-05-16 20:05:960 INFO  AccountRegisterPage :80 - click On My QAccount Tab  [[ChromeDriver: chrome on WINDOWS (d34b0fd482f8da706db5432a31e58a2e)] -> xpath: //span[contains(text(),'My Account')]]
2023-05-16 20:05:224 INFO  AccountRegisterPage :59 - Enter First name [[ChromeDriver: chrome on WINDOWS (d34b0fd482f8da706db5432a31e58a2e)] -> id: input-firstname]
2023-05-16 20:05:368 INFO  AccountRegisterPage :64 - Enter last name [[ChromeDriver: chrome on WINDOWS (d34b0fd482f8da706db5432a31e58a2e)] -> id: input-lastname]
2023-05-16 20:05:486 INFO  AccountRegisterPage :69 - Enter Email  [[ChromeDriver: chrome on WINDOWS (d34b0fd482f8da706db5432a31e58a2e)] -> id: input-email]
2023-05-16 20:05:610 INFO  AccountRegisterPage :74 - Enter telephone  [[ChromeDriver: chrome on WINDOWS (d34b0fd482f8da706db5432a31e58a2e)] -> id: input-telephone]
2023-05-16 20:05:720 INFO  AccountRegisterPage :79 - Enter password  [[ChromeDriver: chrome on WINDOWS (d34b0fd482f8da706db5432a31e58a2e)] -> id: input-password]
2023-05-16 20:05:803 INFO  AccountRegisterPage :84 - Enter Confirm password  [[ChromeDriver: chrome on WINDOWS (d34b0fd482f8da706db5432a31e58a2e)] -> id: input-password]
2023-05-16 20:05:901 INFO  AccountRegisterPage :89 - select Subscription  By.xpath: //fieldset[3]//input
2023-05-16 20:05:938 INFO  AccountRegisterPage :100 - click On Privacy Policy CheckBox  By.xpath: //fieldset[3]//input
2023-05-16 20:05:43 INFO  AccountRegisterPage :32 - get Your Account Has Been Created Text  Proxy element for: DefaultElementLocator 'By.xpath: //h1[contains(text(),'Your Account Has Been Created!')]'
2023-05-16 20:05:653 INFO  AccountRegisterPage :80 - click On My QAccount Tab  [[ChromeDriver: chrome on WINDOWS (454a1ab06d3eaacf86600149fdf0ca5e)] -> xpath: //span[contains(text(),'My Account')]]
2023-05-16 20:05:927 INFO  AccountRegisterPage :59 - Enter First name [[ChromeDriver: chrome on WINDOWS (454a1ab06d3eaacf86600149fdf0ca5e)] -> id: input-firstname]
2023-05-16 20:05:64 INFO  AccountRegisterPage :64 - Enter last name [[ChromeDriver: chrome on WINDOWS (454a1ab06d3eaacf86600149fdf0ca5e)] -> id: input-lastname]
2023-05-16 20:05:176 INFO  AccountRegisterPage :69 - Enter Email  [[ChromeDriver: chrome on WINDOWS (454a1ab06d3eaacf86600149fdf0ca5e)] -> id: input-email]
2023-05-16 20:05:301 INFO  AccountRegisterPage :74 - Enter telephone  [[ChromeDriver: chrome on WINDOWS (454a1ab06d3eaacf86600149fdf0ca5e)] -> id: input-telephone]
2023-05-16 20:05:407 INFO  AccountRegisterPage :79 - Enter password  [[ChromeDriver: chrome on WINDOWS (454a1ab06d3eaacf86600149fdf0ca5e)] -> id: input-password]
2023-05-16 20:05:496 INFO  AccountRegisterPage :84 - Enter Confirm password  [[ChromeDriver: chrome on WINDOWS (454a1ab06d3eaacf86600149fdf0ca5e)] -> id: input-password]
2023-05-16 20:05:594 INFO  AccountRegisterPage :89 - select Subscription  By.xpath: //fieldset[3]//input
2023-05-16 20:05:629 INFO  AccountRegisterPage :100 - click On Privacy Policy CheckBox  By.xpath: //fieldset[3]//input
2023-05-16 20:05:743 INFO  AccountRegisterPage :32 - get Your Account Has Been Created Text  Proxy element for: DefaultElementLocator 'By.xpath: //h1[contains(text(),'Your Account Has Been Created!')]'
2023-05-16 20:05:819 INFO  AccountRegisterPage :80 - click On My QAccount Tab  [[ChromeDriver: chrome on WINDOWS (28c01041ab2b551059828a1f63dcc263)] -> xpath: //span[contains(text(),'My Account')]]
2023-05-16 20:05:89 INFO  AccountRegisterPage :59 - Enter First name [[ChromeDriver: chrome on WINDOWS (28c01041ab2b551059828a1f63dcc263)] -> id: input-firstname]
2023-05-16 20:05:239 INFO  AccountRegisterPage :64 - Enter last name [[ChromeDriver: chrome on WINDOWS (28c01041ab2b551059828a1f63dcc263)] -> id: input-lastname]
2023-05-16 20:05:365 INFO  AccountRegisterPage :69 - Enter Email  [[ChromeDriver: chrome on WINDOWS (28c01041ab2b551059828a1f63dcc263)] -> id: input-email]
2023-05-16 20:05:495 INFO  AccountRegisterPage :74 - Enter telephone  [[ChromeDriver: chrome on WINDOWS (28c01041ab2b551059828a1f63dcc263)] -> id: input-telephone]
2023-05-16 20:05:608 INFO  AccountRegisterPage :79 - Enter password  [[ChromeDriver: chrome on WINDOWS (28c01041ab2b551059828a1f63dcc263)] -> id: input-password]
2023-05-16 20:05:699 INFO  AccountRegisterPage :84 - Enter Confirm password  [[ChromeDriver: chrome on WINDOWS (28c01041ab2b551059828a1f63dcc263)] -> id: input-password]
2023-05-16 20:05:795 INFO  AccountRegisterPage :89 - select Subscription  By.xpath: //fieldset[3]//input
2023-05-16 20:05:835 INFO  AccountRegisterPage :101 - click On Privacy Policy CheckBox  By.xpath: //fieldset[3]//input
2023-05-16 20:05:955 INFO  AccountRegisterPage :32 - get Your Account Has Been Created Text  Proxy element for: DefaultElementLocator 'By.xpath: //h1[contains(text(),'Your Account Has Been Created!')]'
2023-05-16 20:05:914 INFO  AccountRegisterPage :80 - click On My QAccount Tab  [[ChromeDriver: chrome on WINDOWS (403dbf474af5c647439fbd4966e559b9)] -> xpath: //span[contains(text(),'My Account')]]
2023-05-16 20:05:175 INFO  AccountRegisterPage :59 - Enter First name [[ChromeDriver: chrome on WINDOWS (403dbf474af5c647439fbd4966e559b9)] -> id: input-firstname]
2023-05-16 20:05:312 INFO  AccountRegisterPage :64 - Enter last name [[ChromeDriver: chrome on WINDOWS (403dbf474af5c647439fbd4966e559b9)] -> id: input-lastname]
2023-05-16 20:05:426 INFO  AccountRegisterPage :69 - Enter Email  [[ChromeDriver: chrome on WINDOWS (403dbf474af5c647439fbd4966e559b9)] -> id: input-email]
2023-05-16 20:05:553 INFO  AccountRegisterPage :74 - Enter telephone  [[ChromeDriver: chrome on WINDOWS (403dbf474af5c647439fbd4966e559b9)] -> id: input-telephone]
2023-05-16 20:05:676 INFO  AccountRegisterPage :79 - Enter password  [[ChromeDriver: chrome on WINDOWS (403dbf474af5c647439fbd4966e559b9)] -> id: input-password]
2023-05-16 20:05:770 INFO  AccountRegisterPage :84 - Enter Confirm password  [[ChromeDriver: chrome on WINDOWS (403dbf474af5c647439fbd4966e559b9)] -> id: input-password]
2023-05-16 20:05:861 INFO  AccountRegisterPage :89 - select Subscription  By.xpath: //fieldset[3]//input
2023-05-16 20:05:903 INFO  AccountRegisterPage :101 - click On Privacy Policy CheckBox  By.xpath: //fieldset[3]//input
2023-05-16 20:05:973 INFO  AccountRegisterPage :80 - click On My QAccount Tab  [[ChromeDriver: chrome on WINDOWS (37ce0cddabae18cdd6db4dfadbab4d59)] -> xpath: //span[contains(text(),'My Account')]]
2023-05-16 20:05:268 INFO  AccountRegisterPage :59 - Enter First name [[ChromeDriver: chrome on WINDOWS (37ce0cddabae18cdd6db4dfadbab4d59)] -> id: input-firstname]
2023-05-16 20:05:409 INFO  AccountRegisterPage :64 - Enter last name [[ChromeDriver: chrome on WINDOWS (37ce0cddabae18cdd6db4dfadbab4d59)] -> id: input-lastname]
2023-05-16 20:05:528 INFO  AccountRegisterPage :69 - Enter Email  [[ChromeDriver: chrome on WINDOWS (37ce0cddabae18cdd6db4dfadbab4d59)] -> id: input-email]
2023-05-16 20:05:656 INFO  AccountRegisterPage :74 - Enter telephone  [[ChromeDriver: chrome on WINDOWS (37ce0cddabae18cdd6db4dfadbab4d59)] -> id: input-telephone]
2023-05-16 20:05:764 INFO  AccountRegisterPage :79 - Enter password  [[ChromeDriver: chrome on WINDOWS (37ce0cddabae18cdd6db4dfadbab4d59)] -> id: input-password]
2023-05-16 20:05:857 INFO  AccountRegisterPage :84 - Enter Confirm password  [[ChromeDriver: chrome on WINDOWS (37ce0cddabae18cdd6db4dfadbab4d59)] -> id: input-password]
2023-05-16 20:05:958 INFO  AccountRegisterPage :89 - select Subscription  By.xpath: //fieldset[3]//input
2023-05-16 20:05:07 INFO  AccountRegisterPage :101 - click On Privacy Policy CheckBox  By.xpath: //fieldset[3]//input
2023-05-16 20:05:77 INFO  AccountRegisterPage :37 - Click on continue button Proxy element for: DefaultElementLocator 'By.xpath: //a[contains(text(),'Continue')]'
2023-05-16 20:05:686 INFO  AccountRegisterPage :80 - click On My QAccount Tab  [[ChromeDriver: chrome on WINDOWS (62436e675f8c7743b0284b89ff9ed47a)] -> xpath: //span[contains(text(),'My Account')]]
2023-05-16 20:05:833 INFO  AccountRegisterPage :59 - Enter First name [[ChromeDriver: chrome on WINDOWS (62436e675f8c7743b0284b89ff9ed47a)] -> id: input-firstname]
2023-05-16 20:05:970 INFO  AccountRegisterPage :64 - Enter last name [[ChromeDriver: chrome on WINDOWS (62436e675f8c7743b0284b89ff9ed47a)] -> id: input-lastname]
2023-05-16 20:05:83 INFO  AccountRegisterPage :69 - Enter Email  [[ChromeDriver: chrome on WINDOWS (62436e675f8c7743b0284b89ff9ed47a)] -> id: input-email]
2023-05-16 20:05:212 INFO  AccountRegisterPage :74 - Enter telephone  [[ChromeDriver: chrome on WINDOWS (62436e675f8c7743b0284b89ff9ed47a)] -> id: input-telephone]
2023-05-16 20:05:316 INFO  AccountRegisterPage :79 - Enter password  [[ChromeDriver: chrome on WINDOWS (62436e675f8c7743b0284b89ff9ed47a)] -> id: input-password]
2023-05-16 20:05:399 INFO  AccountRegisterPage :84 - Enter Confirm password  [[ChromeDriver: chrome on WINDOWS (62436e675f8c7743b0284b89ff9ed47a)] -> id: input-password]
2023-05-16 20:05:483 INFO  AccountRegisterPage :89 - select Subscription  By.xpath: //fieldset[3]//input
2023-05-16 20:05:524 INFO  AccountRegisterPage :101 - click On Privacy Policy CheckBox  By.xpath: //fieldset[3]//input
2023-05-16 20:05:595 INFO  AccountRegisterPage :106 - click On Continue Button  [[ChromeDriver: chrome on WINDOWS (62436e675f8c7743b0284b89ff9ed47a)] -> xpath: //div[@class = 'buttons']//input[@value='Continue']]
2023-05-16 20:05:536 INFO  AccountRegisterPage :32 - get Your Account Has Been Created Text  [[ChromeDriver: chrome on WINDOWS (62436e675f8c7743b0284b89ff9ed47a)] -> xpath: //h1[text()='Your Account Has Been Created!']]
2023-05-16 20:05:570 INFO  AccountRegisterPage :80 - click On My QAccount Tab  [[ChromeDriver: chrome on WINDOWS (62436e675f8c7743b0284b89ff9ed47a)] -> xpath: //span[contains(text(),'My Account')]]
2023-05-16 20:05:166 INFO  AccountRegisterPage :27 - get Account Logout Text  [[ChromeDriver: chrome on WINDOWS (62436e675f8c7743b0284b89ff9ed47a)] -> xpath: //h1[contains(text(),'Account Logout')]]
2023-05-16 20:05:195 INFO  AccountRegisterPage :37 - Click on continue button [[ChromeDriver: chrome on WINDOWS (62436e675f8c7743b0284b89ff9ed47a)] -> xpath: //a[contains(text(),'Continue')]]
2023-05-16 20:05:341 INFO  AccountRegisterPage :67 - Select Currency  [[ChromeDriver: chrome on WINDOWS (0416090d367054f89d6eeab2333b3bb1)] -> xpath: //span[contains(text(),'Currency')]]
2023-05-16 20:05:983 INFO  AccountRegisterPage :51 - mouseHover On DesktopsLink And Click  [[ChromeDriver: chrome on WINDOWS (0416090d367054f89d6eeab2333b3bb1)] -> link text: Desktops]
2023-05-16 20:05:146 INFO  AccountRegisterPage :45 - select Menu  By.xpath: //nav[@id='menu']//ul/li[contains(@class, 'open')]/div/child::*
2023-05-16 20:05:316 INFO  AccountRegisterPage :58 - select Sort By Option  [[ChromeDriver: chrome on WINDOWS (0416090d367054f89d6eeab2333b3bb1)] -> id: input-sort]
2023-05-16 20:05:690 INFO  AccountRegisterPage :38 - get Products Name List 
2023-05-16 20:05:812 INFO  AccountRegisterPage :38 - get Products Name List 
2023-05-16 20:05:139 INFO  AccountRegisterPage :67 - Select Currency  [[ChromeDriver: chrome on WINDOWS (323605ea47b95d9e6b31beb3f86d4f78)] -> xpath: //span[contains(text(),'Currency')]]
2023-05-16 20:05:869 INFO  AccountRegisterPage :51 - mouseHover On DesktopsLink And Click  [[ChromeDriver: chrome on WINDOWS (323605ea47b95d9e6b31beb3f86d4f78)] -> link text: Desktops]
2023-05-16 20:05:21 INFO  AccountRegisterPage :45 - select Menu  By.xpath: //nav[@id='menu']//ul/li[contains(@class, 'open')]/div/child::*
2023-05-16 20:05:231 INFO  AccountRegisterPage :58 - select Sort By Option  [[ChromeDriver: chrome on WINDOWS (323605ea47b95d9e6b31beb3f86d4f78)] -> id: input-sort]
2023-05-16 20:05:646 INFO  AccountRegisterPage :38 - get Products Name List 
2023-05-16 20:05:777 INFO  AccountRegisterPage :38 - get Products Name List 
2023-05-16 21:05:351 INFO  AccountRegisterPage :67 - Select Currency  [[ChromeDriver: chrome on WINDOWS (32ccd4f288a6d7eb3ee53c8c62498549)] -> xpath: //span[contains(text(),'Currency')]]
2023-05-16 21:05:36 INFO  AccountRegisterPage :51 - mouseHover On DesktopsLink And Click  [[ChromeDriver: chrome on WINDOWS (32ccd4f288a6d7eb3ee53c8c62498549)] -> link text: Desktops]
2023-05-16 21:05:181 INFO  AccountRegisterPage :45 - select Menu  By.xpath: //nav[@id='menu']//ul/li[contains(@class, 'open')]/div/child::*
2023-05-16 21:05:502 INFO  AccountRegisterPage :58 - select Sort By Option  [[ChromeDriver: chrome on WINDOWS (32ccd4f288a6d7eb3ee53c8c62498549)] -> id: input-sort]
2023-05-16 21:05:646 INFO  AccountRegisterPage :51 - get Product Text  [[ChromeDriver: chrome on WINDOWS (32ccd4f288a6d7eb3ee53c8c62498549)] -> xpath: //div[@id = 'content']//h1]
2023-05-16 21:05:369 INFO  AccountRegisterPage :67 - Select Currency  [[ChromeDriver: chrome on WINDOWS (7a2f3c79c31198ff3fb6f9543785b9e0)] -> xpath: //span[contains(text(),'Currency')]]
2023-05-16 21:05:04 INFO  AccountRegisterPage :51 - mouseHover On DesktopsLink And Click  [[ChromeDriver: chrome on WINDOWS (7a2f3c79c31198ff3fb6f9543785b9e0)] -> link text: Desktops]
2023-05-16 21:05:156 INFO  AccountRegisterPage :45 - select Menu  By.xpath: //nav[@id='menu']//ul/li[contains(@class, 'open')]/div/child::*
2023-05-16 21:05:177 INFO  AccountRegisterPage :58 - select Sort By Option  [[ChromeDriver: chrome on WINDOWS (7a2f3c79c31198ff3fb6f9543785b9e0)] -> id: input-sort]
2023-05-16 21:05:314 INFO  AccountRegisterPage :51 - get Product Text  [[ChromeDriver: chrome on WINDOWS (7a2f3c79c31198ff3fb6f9543785b9e0)] -> xpath: //div[@id = 'content']//h1]
2023-05-16 21:05:124 INFO  AccountRegisterPage :67 - Select Currency  [[ChromeDriver: chrome on WINDOWS (9e1f9a0b5177ce7b23917a650c497060)] -> xpath: //span[contains(text(),'Currency')]]
2023-05-16 21:05:878 INFO  AccountRegisterPage :51 - mouseHover On DesktopsLink And Click  [[ChromeDriver: chrome on WINDOWS (9e1f9a0b5177ce7b23917a650c497060)] -> link text: Desktops]
2023-05-16 21:05:28 INFO  AccountRegisterPage :45 - select Menu  By.xpath: //nav[@id='menu']//ul/li[contains(@class, 'open')]/div/child::*
2023-05-16 21:05:499 INFO  AccountRegisterPage :58 - select Sort By Option  [[ChromeDriver: chrome on WINDOWS (9e1f9a0b5177ce7b23917a650c497060)] -> id: input-sort]
2023-05-16 21:05:189 INFO  AccountRegisterPage :50 - get Product Text  [[ChromeDriver: chrome on WINDOWS (9e1f9a0b5177ce7b23917a650c497060)] -> xpath: //div[@id = 'content']//h1]
2023-05-16 21:05:121 INFO  AccountRegisterPage :67 - Select Currency  [[ChromeDriver: chrome on WINDOWS (57819552ec433ebfac5b47db4129bb10)] -> xpath: //span[contains(text(),'Currency')]]
2023-05-16 21:05:871 INFO  AccountRegisterPage :51 - mouseHover On DesktopsLink And Click  [[ChromeDriver: chrome on WINDOWS (57819552ec433ebfac5b47db4129bb10)] -> link text: Desktops]
2023-05-16 21:05:41 INFO  AccountRegisterPage :45 - select Menu  By.xpath: //nav[@id='menu']//ul/li[contains(@class, 'open')]/div/child::*
2023-05-16 21:05:420 INFO  AccountRegisterPage :58 - select Sort By Option  [[ChromeDriver: chrome on WINDOWS (57819552ec433ebfac5b47db4129bb10)] -> id: input-sort]
2023-05-16 21:05:484 INFO  AccountRegisterPage :53 - get Product Text  [[ChromeDriver: chrome on WINDOWS (57819552ec433ebfac5b47db4129bb10)] -> xpath: //div[@id = 'content']//h1]
2023-05-16 21:05:263 INFO  AccountRegisterPage :80 - Click on add to cart button  [[ChromeDriver: chrome on WINDOWS (57819552ec433ebfac5b47db4129bb10)] -> xpath: //button[@id='button-cart']]
2023-05-16 21:05:885 INFO  AccountRegisterPage :85 - get Product Added Success Message  [[ChromeDriver: chrome on WINDOWS (57819552ec433ebfac5b47db4129bb10)] -> css selector: body:nth-child(2) div.container:nth-child(4) > div.alert.alert-success.alert-dismissible]
2023-05-16 21:05:932 INFO  AccountRegisterPage :90 - click On Shopping Cart LinkI nto Message  [[ChromeDriver: chrome on WINDOWS (57819552ec433ebfac5b47db4129bb10)] -> xpath: //a[contains(text(),'shopping cart')]]
2023-05-16 21:05:401 INFO  AccountRegisterPage :66 - get Total [[ChromeDriver: chrome on WINDOWS (57819552ec433ebfac5b47db4129bb10)] -> xpath: //div[@class = 'table-responsive']/table/tbody/tr/td[6]]
2023-05-16 21:05:437 INFO  AccountRegisterPage :51 - get ProductName Text  [[ChromeDriver: chrome on WINDOWS (57819552ec433ebfac5b47db4129bb10)] -> xpath: //div[@class = 'table-responsive']/table/tbody/tr/td[2]/a]
2023-05-16 21:05:467 INFO  AccountRegisterPage :56 - get Delivery Date  [[ChromeDriver: chrome on WINDOWS (57819552ec433ebfac5b47db4129bb10)] -> xpath: //div[@class = 'table-responsive']/table/tbody/tr/td[2]/small[1]]
2023-05-16 21:05:493 INFO  AccountRegisterPage :61 - get Model [[ChromeDriver: chrome on WINDOWS (57819552ec433ebfac5b47db4129bb10)] -> xpath: //div[@class = 'table-responsive']/table/tbody/tr/td[3]]
2023-05-16 21:05:513 INFO  AccountRegisterPage :66 - get Total [[ChromeDriver: chrome on WINDOWS (57819552ec433ebfac5b47db4129bb10)] -> xpath: //div[@class = 'table-responsive']/table/tbody/tr/td[6]]
2023-05-16 21:05:803 INFO  AccountRegisterPage :67 - Select Currency  [[ChromeDriver: chrome on WINDOWS (bced18f11ce86e6fa7c6d06671b35bf7)] -> xpath: //span[contains(text(),'Currency')]]
2023-05-16 21:05:179 INFO  AccountRegisterPage :51 - mouseHover On DesktopsLink And Click  [[ChromeDriver: chrome on WINDOWS (bced18f11ce86e6fa7c6d06671b35bf7)] -> link text: Desktops]
2023-05-16 21:05:345 INFO  AccountRegisterPage :45 - select Menu  By.xpath: //nav[@id='menu']//ul/li[contains(@class, 'open')]/div/child::*
2023-05-16 21:05:115 INFO  AccountRegisterPage :67 - Select Currency  [[ChromeDriver: chrome on WINDOWS (03a58bb4215e56f142c29316b5255549)] -> xpath: //span[contains(text(),'Currency')]]
2023-05-16 21:05:801 INFO  AccountRegisterPage :51 - mouseHover On DesktopsLink And Click  [[ChromeDriver: chrome on WINDOWS (03a58bb4215e56f142c29316b5255549)] -> link text: Desktops]
2023-05-16 21:05:945 INFO  AccountRegisterPage :45 - select Menu  By.xpath: //nav[@id='menu']//ul/li[contains(@class, 'open')]/div/child::*
2023-05-16 21:05:580 INFO  AccountRegisterPage :67 - Select Currency  [[ChromeDriver: chrome on WINDOWS (1d9be4d0b48d2afb5ca8eacff4ba2cb8)] -> xpath: //span[contains(text(),'Currency')]]
2023-05-16 21:05:276 INFO  AccountRegisterPage :51 - mouseHover On DesktopsLink And Click  [[ChromeDriver: chrome on WINDOWS (1d9be4d0b48d2afb5ca8eacff4ba2cb8)] -> link text: Desktops]
2023-05-16 21:05:423 INFO  AccountRegisterPage :45 - select Menu  By.xpath: //nav[@id='menu']//ul/li[contains(@class, 'open')]/div/child::*
2023-05-16 21:05:98 INFO  AccountRegisterPage :67 - Select Currency  [[ChromeDriver: chrome on WINDOWS (d23fc1eae8487cb9b6dbc526f2fe0fc7)] -> xpath: //span[contains(text(),'Currency')]]
2023-05-16 21:05:763 INFO  AccountRegisterPage :51 - mouseHover On DesktopsLink And Click  [[ChromeDriver: chrome on WINDOWS (d23fc1eae8487cb9b6dbc526f2fe0fc7)] -> link text: Desktops]
2023-05-16 21:05:922 INFO  AccountRegisterPage :45 - select Menu  By.xpath: //nav[@id='menu']//ul/li[contains(@class, 'open')]/div/child::*
2023-05-16 22:05:407 INFO  AccountRegisterPage :67 - Select Currency  [[ChromeDriver: chrome on WINDOWS (be4f11dbe895708412395b8a8de02c87)] -> xpath: //span[contains(text(),'Currency')]]
2023-05-16 22:05:89 INFO  AccountRegisterPage :56 - mouseHover On Laptop  And Click  [[ChromeDriver: chrome on WINDOWS (be4f11dbe895708412395b8a8de02c87)] -> link text: Laptops & Notebooks]
2023-05-16 22:05:246 INFO  AccountRegisterPage :45 - select Menu  By.xpath: //nav[@id='menu']//ul/li[contains(@class, 'open')]/div/child::*
2023-05-16 22:05:608 INFO  AccountRegisterPage :67 - Select Currency  [[ChromeDriver: chrome on WINDOWS (d6e3d8c88d375540f2a9ce2f0044f982)] -> xpath: //span[contains(text(),'Currency')]]
2023-05-16 22:05:238 INFO  AccountRegisterPage :51 - mouseHover On DesktopsLink And Click  [[ChromeDriver: chrome on WINDOWS (d6e3d8c88d375540f2a9ce2f0044f982)] -> link text: Desktops]
2023-05-16 22:05:392 INFO  AccountRegisterPage :45 - select Menu  By.xpath: //nav[@id='menu']//ul/li[contains(@class, 'open')]/div/child::*
2023-05-16 22:05:90 INFO  AccountRegisterPage :67 - Select Currency  [[ChromeDriver: chrome on WINDOWS (4cc2304cb8c0544692d484328e427fd6)] -> xpath: //span[contains(text(),'Currency')]]
2023-05-16 22:05:757 INFO  AccountRegisterPage :56 - mouseHover On Laptop  And Click  [[ChromeDriver: chrome on WINDOWS (4cc2304cb8c0544692d484328e427fd6)] -> link text: Laptops & Notebooks]
2023-05-16 22:05:905 INFO  AccountRegisterPage :45 - select Menu  By.xpath: //nav[@id='menu']//ul/li[contains(@class, 'open')]/div/child::*
2023-05-16 22:05:730 INFO  AccountRegisterPage :53 - get Product Text  [[ChromeDriver: chrome on WINDOWS (4cc2304cb8c0544692d484328e427fd6)] -> xpath: //div[@id = 'content']//h1]
2023-05-16 22:05:752 INFO  AccountRegisterPage :80 - Click on add to cart button  [[ChromeDriver: chrome on WINDOWS (4cc2304cb8c0544692d484328e427fd6)] -> xpath: //button[@id='button-cart']]
2023-05-16 22:05:10 INFO  AccountRegisterPage :85 - get Product Added Success Message  [[ChromeDriver: chrome on WINDOWS (4cc2304cb8c0544692d484328e427fd6)] -> css selector: body:nth-child(2) div.container:nth-child(4) > div.alert.alert-success.alert-dismissible]
2023-05-16 22:05:33 INFO  AccountRegisterPage :90 - click On Shopping Cart LinkI nto Message  [[ChromeDriver: chrome on WINDOWS (4cc2304cb8c0544692d484328e427fd6)] -> xpath: //a[contains(text(),'shopping cart')]]
2023-05-16 22:05:492 INFO  AccountRegisterPage :46 - get Shopping Cart Text  [[ChromeDriver: chrome on WINDOWS (4cc2304cb8c0544692d484328e427fd6)] -> xpath: //div[@id='content']//h1]
2023-05-16 22:05:520 INFO  AccountRegisterPage :51 - get ProductName Text  [[ChromeDriver: chrome on WINDOWS (4cc2304cb8c0544692d484328e427fd6)] -> xpath: //div[@class = 'table-responsive']/table/tbody/tr/td[2]/a]
2023-05-16 22:05:540 INFO  AccountRegisterPage :71 - Change Quantity [[ChromeDriver: chrome on WINDOWS (4cc2304cb8c0544692d484328e427fd6)] -> xpath: //input[contains(@name, 'quantity')]]
2023-05-16 22:05:627 INFO  AccountRegisterPage :76 - click On Qty Update Button [[ChromeDriver: chrome on WINDOWS (4cc2304cb8c0544692d484328e427fd6)] -> xpath: //button[contains(@data-original-title, 'Update')]]
2023-05-16 22:05:132 INFO  AccountRegisterPage :81 - get Success Modified Message [[ChromeDriver: chrome on WINDOWS (4cc2304cb8c0544692d484328e427fd6)] -> xpath: //div[@id='checkout-cart']/div[1]]
2023-05-16 22:05:163 INFO  AccountRegisterPage :66 - get Total [[ChromeDriver: chrome on WINDOWS (4cc2304cb8c0544692d484328e427fd6)] -> xpath: //div[@class = 'table-responsive']/table/tbody/tr/td[6]]
2023-05-16 22:05:595 INFO  AccountRegisterPage :80 - click On My QAccount Tab  [[ChromeDriver: chrome on WINDOWS (4d099b6d1bcb2ec7ee3657a09a735d6e)] -> xpath: //span[contains(text(),'My Account')]]
2023-05-16 22:05:107 INFO  AccountLoginPage :36 - Get returning customer text : [[ChromeDriver: chrome on WINDOWS (4d099b6d1bcb2ec7ee3657a09a735d6e)] -> xpath: //div[@id='content']/div/div[2]//h2]
2023-05-16 22:05:771 INFO  AccountRegisterPage :80 - click On My QAccount Tab  [[ChromeDriver: chrome on WINDOWS (5a594d33ae310f7e00aae43f44552fba)] -> xpath: //span[contains(text(),'My Account')]]
2023-05-16 22:05:186 INFO  AccountLoginPage :47 - Enter email : [[ChromeDriver: chrome on WINDOWS (5a594d33ae310f7e00aae43f44552fba)] -> id: input-email]
2023-05-16 22:05:356 INFO  AccountLoginPage :52 - Enter password : [[ChromeDriver: chrome on WINDOWS (5a594d33ae310f7e00aae43f44552fba)] -> id: input-password]
2023-05-16 22:05:449 INFO  AccountLoginPage :57 - Click on login button : [[ChromeDriver: chrome on WINDOWS (5a594d33ae310f7e00aae43f44552fba)] -> xpath: //form[contains(@action,'login')]//input[@type='submit']]
2023-05-16 22:05:950 INFO  AccountRegisterPage :80 - click On My QAccount Tab  [[ChromeDriver: chrome on WINDOWS (5a594d33ae310f7e00aae43f44552fba)] -> xpath: //span[contains(text(),'My Account')]]
2023-05-16 22:05:581 INFO  AccountRegisterPage :27 - get Account Logout Text  [[ChromeDriver: chrome on WINDOWS (5a594d33ae310f7e00aae43f44552fba)] -> xpath: //h1[contains(text(),'Account Logout')]]
2023-05-16 22:05:351 INFO  AccountRegisterPage :80 - click On My QAccount Tab  [[ChromeDriver: chrome on WINDOWS (8a661c6c37998225f53b64e4b312c873)] -> xpath: //span[contains(text(),'My Account')]]
2023-05-16 22:05:352 INFO  AccountRegisterPage :54 - Get Register Account Text [[ChromeDriver: chrome on WINDOWS (8a661c6c37998225f53b64e4b312c873)] -> xpath: //h1[contains(text(),'Register Account')]]
2023-05-16 22:05:698 INFO  AccountRegisterPage :80 - click On My QAccount Tab  [[ChromeDriver: chrome on WINDOWS (d8bdac70cc8619b123b208468774f3b7)] -> xpath: //span[contains(text(),'My Account')]]
2023-05-16 22:05:862 INFO  AccountRegisterPage :59 - Enter First name [[ChromeDriver: chrome on WINDOWS (d8bdac70cc8619b123b208468774f3b7)] -> id: input-firstname]
2023-05-16 22:05:15 INFO  AccountRegisterPage :64 - Enter last name [[ChromeDriver: chrome on WINDOWS (d8bdac70cc8619b123b208468774f3b7)] -> id: input-lastname]
2023-05-16 22:05:145 INFO  AccountRegisterPage :69 - Enter Email  [[ChromeDriver: chrome on WINDOWS (d8bdac70cc8619b123b208468774f3b7)] -> id: input-email]
2023-05-16 22:05:273 INFO  AccountRegisterPage :74 - Enter telephone  [[ChromeDriver: chrome on WINDOWS (d8bdac70cc8619b123b208468774f3b7)] -> id: input-telephone]
2023-05-16 22:05:375 INFO  AccountRegisterPage :79 - Enter password  [[ChromeDriver: chrome on WINDOWS (d8bdac70cc8619b123b208468774f3b7)] -> id: input-password]
2023-05-16 22:05:464 INFO  AccountRegisterPage :84 - Enter Confirm password  [[ChromeDriver: chrome on WINDOWS (d8bdac70cc8619b123b208468774f3b7)] -> id: input-password]
2023-05-16 22:05:568 INFO  AccountRegisterPage :89 - select Subscription  By.xpath: //fieldset[3]//input
2023-05-16 22:05:625 INFO  AccountRegisterPage :101 - click On Privacy Policy CheckBox  By.xpath: //fieldset[3]//input
2023-05-16 22:05:696 INFO  AccountRegisterPage :106 - click On Continue Button  [[ChromeDriver: chrome on WINDOWS (d8bdac70cc8619b123b208468774f3b7)] -> xpath: //div[@class = 'buttons']//input[@value='Continue']]
2023-05-16 22:05:605 INFO  AccountRegisterPage :32 - get Your Account Has Been Created Text  [[ChromeDriver: chrome on WINDOWS (d8bdac70cc8619b123b208468774f3b7)] -> xpath: //h1[text()='Your Account Has Been Created!']]
2023-05-16 22:05:641 INFO  AccountRegisterPage :80 - click On My QAccount Tab  [[ChromeDriver: chrome on WINDOWS (d8bdac70cc8619b123b208468774f3b7)] -> xpath: //span[contains(text(),'My Account')]]
2023-05-16 22:05:912 INFO  AccountRegisterPage :27 - get Account Logout Text  [[ChromeDriver: chrome on WINDOWS (d8bdac70cc8619b123b208468774f3b7)] -> xpath: //h1[contains(text(),'Account Logout')]]
2023-05-16 22:05:943 INFO  AccountRegisterPage :37 - Click on continue button [[ChromeDriver: chrome on WINDOWS (d8bdac70cc8619b123b208468774f3b7)] -> xpath: //a[contains(text(),'Continue')]]
2023-05-16 22:05:567 INFO  AccountRegisterPage :67 - Select Currency  [[ChromeDriver: chrome on WINDOWS (62ccb1da4bdf7fe57a6e17965317be02)] -> xpath: //span[contains(text(),'Currency')]]
2023-05-16 22:05:267 INFO  AccountRegisterPage :51 - mouseHover On DesktopsLink And Click  [[ChromeDriver: chrome on WINDOWS (62ccb1da4bdf7fe57a6e17965317be02)] -> link text: Desktops]
2023-05-16 22:05:400 INFO  AccountRegisterPage :45 - select Menu  By.xpath: //nav[@id='menu']//ul/li[contains(@class, 'open')]/div/child::*
2023-05-16 22:05:787 INFO  AccountRegisterPage :58 - select Sort By Option  [[ChromeDriver: chrome on WINDOWS (62ccb1da4bdf7fe57a6e17965317be02)] -> id: input-sort]
2023-05-16 22:05:173 INFO  AccountRegisterPage :38 - get Products Name List 
2023-05-16 22:05:281 INFO  AccountRegisterPage :38 - get Products Name List 
2023-05-16 22:05:355 INFO  AccountRegisterPage :67 - Select Currency  [[ChromeDriver: chrome on WINDOWS (a50ec9bc5cca4f601c0f6e089b709d30)] -> xpath: //span[contains(text(),'Currency')]]
2023-05-16 22:05:10 INFO  AccountRegisterPage :51 - mouseHover On DesktopsLink And Click  [[ChromeDriver: chrome on WINDOWS (a50ec9bc5cca4f601c0f6e089b709d30)] -> link text: Desktops]
2023-05-16 22:05:141 INFO  AccountRegisterPage :45 - select Menu  By.xpath: //nav[@id='menu']//ul/li[contains(@class, 'open')]/div/child::*
2023-05-16 22:05:511 INFO  AccountRegisterPage :58 - select Sort By Option  [[ChromeDriver: chrome on WINDOWS (a50ec9bc5cca4f601c0f6e089b709d30)] -> id: input-sort]
2023-05-16 22:05:731 INFO  AccountRegisterPage :53 - get Product Text  [[ChromeDriver: chrome on WINDOWS (a50ec9bc5cca4f601c0f6e089b709d30)] -> xpath: //div[@id = 'content']//h1]
2023-05-16 22:05:753 INFO  AccountRegisterPage :80 - Click on add to cart button  [[ChromeDriver: chrome on WINDOWS (a50ec9bc5cca4f601c0f6e089b709d30)] -> xpath: //button[@id='button-cart']]
2023-05-16 22:05:262 INFO  AccountRegisterPage :85 - get Product Added Success Message  [[ChromeDriver: chrome on WINDOWS (a50ec9bc5cca4f601c0f6e089b709d30)] -> css selector: body:nth-child(2) div.container:nth-child(4) > div.alert.alert-success.alert-dismissible]
2023-05-16 22:05:299 INFO  AccountRegisterPage :90 - click On Shopping Cart LinkI nto Message  [[ChromeDriver: chrome on WINDOWS (a50ec9bc5cca4f601c0f6e089b709d30)] -> xpath: //a[contains(text(),'shopping cart')]]
2023-05-16 22:05:793 INFO  AccountRegisterPage :66 - get Total [[ChromeDriver: chrome on WINDOWS (a50ec9bc5cca4f601c0f6e089b709d30)] -> xpath: //div[@class = 'table-responsive']/table/tbody/tr/td[6]]
2023-05-16 22:05:821 INFO  AccountRegisterPage :51 - get ProductName Text  [[ChromeDriver: chrome on WINDOWS (a50ec9bc5cca4f601c0f6e089b709d30)] -> xpath: //div[@class = 'table-responsive']/table/tbody/tr/td[2]/a]
2023-05-16 22:05:841 INFO  AccountRegisterPage :56 - get Delivery Date  [[ChromeDriver: chrome on WINDOWS (a50ec9bc5cca4f601c0f6e089b709d30)] -> xpath: //div[@class = 'table-responsive']/table/tbody/tr/td[2]/small[1]]
2023-05-16 22:05:863 INFO  AccountRegisterPage :61 - get Model [[ChromeDriver: chrome on WINDOWS (a50ec9bc5cca4f601c0f6e089b709d30)] -> xpath: //div[@class = 'table-responsive']/table/tbody/tr/td[3]]
2023-05-16 22:05:883 INFO  AccountRegisterPage :66 - get Total [[ChromeDriver: chrome on WINDOWS (a50ec9bc5cca4f601c0f6e089b709d30)] -> xpath: //div[@class = 'table-responsive']/table/tbody/tr/td[6]]
2023-05-16 22:05:826 INFO  AccountRegisterPage :67 - Select Currency  [[ChromeDriver: chrome on WINDOWS (486e250223219dcc5dfcebc2387e49a5)] -> xpath: //span[contains(text(),'Currency')]]
2023-05-16 22:05:471 INFO  AccountRegisterPage :56 - mouseHover On Laptop  And Click  [[ChromeDriver: chrome on WINDOWS (486e250223219dcc5dfcebc2387e49a5)] -> link text: Laptops & Notebooks]
2023-05-16 22:05:630 INFO  AccountRegisterPage :45 - select Menu  By.xpath: //nav[@id='menu']//ul/li[contains(@class, 'open')]/div/child::*
2023-05-16 22:05:691 INFO  AccountRegisterPage :67 - Select Currency  [[ChromeDriver: chrome on WINDOWS (b4df7f95be83a9b0a17fd753dd65bbc2)] -> xpath: //span[contains(text(),'Currency')]]
2023-05-16 22:05:308 INFO  AccountRegisterPage :56 - mouseHover On Laptop  And Click  [[ChromeDriver: chrome on WINDOWS (b4df7f95be83a9b0a17fd753dd65bbc2)] -> link text: Laptops & Notebooks]
2023-05-16 22:05:447 INFO  AccountRegisterPage :45 - select Menu  By.xpath: //nav[@id='menu']//ul/li[contains(@class, 'open')]/div/child::*
2023-05-16 22:05:460 INFO  AccountRegisterPage :53 - get Product Text  [[ChromeDriver: chrome on WINDOWS (b4df7f95be83a9b0a17fd753dd65bbc2)] -> xpath: //div[@id = 'content']//h1]
2023-05-16 22:05:490 INFO  AccountRegisterPage :80 - Click on add to cart button  [[ChromeDriver: chrome on WINDOWS (b4df7f95be83a9b0a17fd753dd65bbc2)] -> xpath: //button[@id='button-cart']]
2023-05-16 22:05:780 INFO  AccountRegisterPage :85 - get Product Added Success Message  [[ChromeDriver: chrome on WINDOWS (b4df7f95be83a9b0a17fd753dd65bbc2)] -> css selector: body:nth-child(2) div.container:nth-child(4) > div.alert.alert-success.alert-dismissible]
2023-05-16 22:05:800 INFO  AccountRegisterPage :90 - click On Shopping Cart LinkI nto Message  [[ChromeDriver: chrome on WINDOWS (b4df7f95be83a9b0a17fd753dd65bbc2)] -> xpath: //a[contains(text(),'shopping cart')]]
2023-05-16 22:05:272 INFO  AccountRegisterPage :46 - get Shopping Cart Text  [[ChromeDriver: chrome on WINDOWS (b4df7f95be83a9b0a17fd753dd65bbc2)] -> xpath: //div[@id='content']//h1]
2023-05-16 22:05:306 INFO  AccountRegisterPage :51 - get ProductName Text  [[ChromeDriver: chrome on WINDOWS (b4df7f95be83a9b0a17fd753dd65bbc2)] -> xpath: //div[@class = 'table-responsive']/table/tbody/tr/td[2]/a]
2023-05-16 22:05:328 INFO  AccountRegisterPage :71 - Change Quantity [[ChromeDriver: chrome on WINDOWS (b4df7f95be83a9b0a17fd753dd65bbc2)] -> xpath: //input[contains(@name, 'quantity')]]
2023-05-16 22:05:436 INFO  AccountRegisterPage :76 - click On Qty Update Button [[ChromeDriver: chrome on WINDOWS (b4df7f95be83a9b0a17fd753dd65bbc2)] -> xpath: //button[contains(@data-original-title, 'Update')]]
2023-05-16 22:05:965 INFO  AccountRegisterPage :81 - get Success Modified Message [[ChromeDriver: chrome on WINDOWS (b4df7f95be83a9b0a17fd753dd65bbc2)] -> xpath: //div[@id='checkout-cart']/div[1]]
2023-05-16 22:05:10 INFO  AccountRegisterPage :66 - get Total [[ChromeDriver: chrome on WINDOWS (b4df7f95be83a9b0a17fd753dd65bbc2)] -> xpath: //div[@class = 'table-responsive']/table/tbody/tr/td[6]]
2023-05-16 22:05:904 INFO  AccountRegisterPage :51 - mouseHover On DesktopsLink And Click  [[ChromeDriver: chrome on WINDOWS (85ea8b81547bbb31d6e16d72a5b76708)] -> link text: Desktops]
2023-05-16 22:05:39 INFO  AccountRegisterPage :45 - select Menu  By.xpath: //nav[@id='menu']//ul/li[contains(@class, 'open')]/div/child::*
2023-05-16 22:05:233 INFO  AccountRegisterPage :33 - get Desktops Text  [[ChromeDriver: chrome on WINDOWS (85ea8b81547bbb31d6e16d72a5b76708)] -> xpath: //h2]
2023-05-16 22:05:178 INFO  AccountRegisterPage :56 - mouseHover On Laptop  And Click  [[ChromeDriver: chrome on WINDOWS (98d4c41ef70d085b481a7388adcc37c9)] -> link text: Laptops & Notebooks]
2023-05-16 22:05:302 INFO  AccountRegisterPage :45 - select Menu  By.xpath: //nav[@id='menu']//ul/li[contains(@class, 'open')]/div/child::*
2023-05-16 22:05:352 INFO  AccountRegisterPage :61 - mouseHover On Component  And Click  [[ChromeDriver: chrome on WINDOWS (3e8711d4668fe7d43f5922cb4d9ef576)] -> link text: Components]
2023-05-16 22:05:514 INFO  AccountRegisterPage :45 - select Menu  By.xpath: //nav[@id='menu']//ul/li[contains(@class, 'open')]/div/child::*
2023-05-16 22:05:39 INFO  AccountRegisterPage :21 - Get component Text  [[ChromeDriver: chrome on WINDOWS (3e8711d4668fe7d43f5922cb4d9ef576)] -> xpath: //h2]
